<?xml version="1.0" encoding="UTF-8"?>
<!-- Generated by org.testng.reporters.JUnitXMLReporter -->
<testsuite hostname="BDC6-DX-69PFNK2" ignored="0" name="Default test" tests="5" failures="0" timestamp="30 May 2019 05:31:38 GMT" time="24.544" errors="0">
  <testcase name="crossbrowser" time="7.519" classname="testmeapp.tests.OnlineShoppingTest"/>
  <testcase name="signin" time="5.52" classname="testmeapp.tests.OnlineShoppingTest"/>
  <testcase name="testLogin" time="0.505" classname="testmeapp.tests.OnlineShoppingTest"/>
  <testcase name="testCart" time="4.004" classname="testmeapp.tests.OnlineShoppingTest"/>
  <testcase name="testPayment" time="6.955" classname="testmeapp.tests.OnlineShoppingTest"/>
</testsuite> <!-- Default test -->
